

Microchip Technology PIC18 LITE Macro Assembler V1.41 build -162212810 
                                                                                               Wed Mar 22 21:03:50 2017

Microchip Technology Omniscient Code Generator v1.41 (Free mode) build 201701250102
     1                           	processor	18F1330
     2                           	fnconf	rparam,??,?,0
     3                           	opt	pw 120
     4                           	opt	lm
     5                           	psect	cinit,global,reloc=2,class=CODE,delta=1
     6                           	psect	cstackCOMRAM,global,class=COMRAM,space=1,delta=1,noexec
     7                           	psect	text0,global,reloc=2,class=CODE,delta=1
     8                           	psect	intcode,global,reloc=2,class=CODE,delta=1
     9                           	psect	intsave_regs,global,class=BIGRAM,space=1,delta=1,noexec
    10                           	psect	rparam,global,class=COMRAM,space=1,delta=1,noexec
    11                           	psect	temp,global,ovrld,common,class=COMRAM,space=1,delta=1
    12  0000                     
    13                           ; Version 1.41
    14                           ; Generated 25/01/2017 GMT
    15                           ; 
    16                           ; Copyright © 2017, Microchip Technology Inc. and its subsidiaries ("Microchip")
    17                           ; All rights reserved.
    18                           ; 
    19                           ; This software is developed by Microchip Technology Inc. and its subsidiaries ("Microch
      +                          ip").
    20                           ; 
    21                           ; Redistribution and use in source and binary forms, with or without modification, are
    22                           ; permitted provided that the following conditions are met:
    23                           ; 
    24                           ;     1. Redistributions of source code must retain the above copyright notice, this lis
      +                          t of
    25                           ;        conditions and the following disclaimer.
    26                           ; 
    27                           ;     2. Redistributions in binary form must reproduce the above copyright notice, this 
      +                          list
    28                           ;        of conditions and the following disclaimer in the documentation and/or other
    29                           ;        materials provided with the distribution.
    30                           ; 
    31                           ;     3. Microchip's name may not be used to endorse or promote products derived from th
      +                          is
    32                           ;        software without specific prior written permission.
    33                           ; 
    34                           ; THIS SOFTWARE IS PROVIDED BY MICROCHIP "AS IS" AND ANY EXPRESS OR IMPLIED WARRANTIES,
    35                           ; INCLUDING, BUT NOT LIMITED TO, THE IMPLIED WARRANTIES OF MERCHANTABILITY AND FITNESS F
      +                          OR
    36                           ; PURPOSE ARE DISCLAIMED.  IN NO EVENT SHALL MICROCHIP BE LIABLE FOR ANY DIRECT, INDIREC
      +                          T,
    37                           ; INCIDENTAL, SPECIAL, EXEMPLARY, OR CONSEQUENTIAL DAMAGES (INCLUDING BUT NOT LIMITED TO
    38                           ; PROCUREMENT OF SUBSTITUTE GOODS OR SERVICES; LOSS OF USE, DATA OR PROFITS; OR BUSINESS
    39                           ; INTERRUPTION) HOWSOEVER CAUSED AND ON ANY THEORY OF LIABILITY, WHETHER IN CONTRACT, ST
      +                          RICT
    40                           ; LIABILITY, OR TORT (INCLUDING NEGLIGENCE OR OTHERWISE) ARISING IN ANY WAY OUT OF THE U
      +                          SE OF
    41                           ; THIS SOFTWARE, EVEN IF ADVISED OF THE POSSIBILITY OF SUCH DAMAGE.
    42                           ; 
    43                           ; 
    44                           ; Code-generator required, PIC18F1330 Definitions
    45                           ; 
    46                           ; SFR Addresses
    47  0000                     _TRISAbits	set	3986
    48  0000                     _TRISBbits	set	3987
    49  0000                     _PORTBbits	set	3969
    50  0000                     _ADCON1bits	set	4033
    51  0000                     _OSCCONbits	set	4051
    52  0000                     _INTCON2bits	set	4081
    53  0000                     _INTCONbits	set	4082
    54                           
    55                           ; #config settings
    56                           
    57                           	psect	cinit
    58  0000A4                     __pcinit:
    59                           	opt stack 0
    60  0000A4                     start_initialization:
    61                           	opt stack 0
    62  0000A4                     __initialization:
    63                           	opt stack 0
    64  0000A4                     end_of_initialization:
    65                           	opt stack 0
    66  0000A4                     __end_of__initialization:
    67                           	opt stack 0
    68  0000A4  900F               	bcf	int$flags,0,c	;clear compiler interrupt flag (level 1)
    69  0000A6  920F               	bcf	int$flags,1,c	;clear compiler interrupt flag (level 2)
    70  0000A8  0100               	movlb	0
    71  0000AA  EF45  F000         	goto	_main	;jump to C main() function
    72                           
    73                           	psect	cstackCOMRAM
    74  000001                     __pcstackCOMRAM:
    75                           	opt stack 0
    76  000001                     ??_MyHighPriorityIsr:
    77  000001                     
    78                           ; 1 bytes @ 0x0
    79  000001                     	ds	14
    80  00000F                     
    81                           ; 1 bytes @ 0xE
    82 ;;
    83 ;;Main: autosize = 0, tempsize = 0, incstack = 0, save=0
    84 ;;
    85 ;; *************** function _main *****************
    86 ;; Defined at:
    87 ;;		line 35 in file "interrupt.c"
    88 ;; Parameters:    Size  Location     Type
    89 ;;		None
    90 ;; Auto vars:     Size  Location     Type
    91 ;;		None
    92 ;; Return value:  Size  Location     Type
    93 ;;                  1    wreg      void 
    94 ;; Registers used:
    95 ;;		None
    96 ;; Tracked objects:
    97 ;;		On entry : 0/0
    98 ;;		On exit  : 0/0
    99 ;;		Unchanged: 0/0
   100 ;; Data sizes:     COMRAM   BANK0
   101 ;;      Params:         0       0
   102 ;;      Locals:         0       0
   103 ;;      Temps:          0       0
   104 ;;      Totals:         0       0
   105 ;;Total ram usage:        0 bytes
   106 ;; Hardware stack levels required when called:    1
   107 ;; This function calls:
   108 ;;		Nothing
   109 ;; This function is called by:
   110 ;;		Startup code after reset
   111 ;; This function uses a non-reentrant model
   112 ;;
   113                           
   114                           	psect	text0
   115  00008A                     __ptext0:
   116                           	opt stack 0
   117  00008A                     _main:
   118                           	opt stack 30
   119                           
   120                           ;interrupt.c: 37: OSCCONbits.IRCF2 = 1;
   121                           
   122                           ;incstack = 0
   123  00008A  8CD3               	bsf	4051,6,c	;volatile
   124                           
   125                           ;interrupt.c: 38: OSCCONbits.IRCF1 = 1;
   126  00008C  8AD3               	bsf	4051,5,c	;volatile
   127                           
   128                           ;interrupt.c: 39: OSCCONbits.IRCF0 = 1;
   129  00008E  88D3               	bsf	4051,4,c	;volatile
   130                           
   131                           ;interrupt.c: 41: TRISBbits.TRISB4 = 0;
   132  000090  9893               	bcf	3987,4,c	;volatile
   133                           
   134                           ;interrupt.c: 42: TRISAbits.TRISA0 = 1;
   135  000092  8092               	bsf	3986,0,c	;volatile
   136                           
   137                           ;interrupt.c: 43: PORTBbits.RB4 = 0;
   138  000094  9881               	bcf	3969,4,c	;volatile
   139                           
   140                           ;interrupt.c: 44: ADCON1bits.PCFG0 =1;
   141  000096  80C1               	bsf	4033,0,c	;volatile
   142                           
   143                           ;interrupt.c: 47: INTCONbits.GIE = 1;
   144  000098  8EF2               	bsf	intcon,7,c	;volatile
   145                           
   146                           ;interrupt.c: 48: INTCONbits.INT0E = 1;
   147  00009A  88F2               	bsf	intcon,4,c	;volatile
   148                           
   149                           ;interrupt.c: 49: INTCON2bits.INTEDG0 = 1;
   150  00009C  8CF1               	bsf	intcon2,6,c	;volatile
   151                           
   152                           ;interrupt.c: 50: INTCONbits.INT0F = 0;
   153  00009E  92F2               	bcf	intcon,1,c	;volatile
   154                           
   155                           ;interrupt.c: 51: (INTCONbits.GIE = 1);
   156  0000A0  8EF2               	bsf	intcon,7,c	;volatile
   157  0000A2                     l21:
   158  0000A2  D7FF               	goto	l21
   159  0000A4                     __end_of_main:
   160                           	opt stack 0
   161                           intcon	equ	0xFF2
   162                           intcon2	equ	0xFF1
   163                           
   164 ;; *************** function _MyHighPriorityIsr *****************
   165 ;; Defined at:
   166 ;;		line 22 in file "interrupt.c"
   167 ;; Parameters:    Size  Location     Type
   168 ;;		None
   169 ;; Auto vars:     Size  Location     Type
   170 ;;		None
   171 ;; Return value:  Size  Location     Type
   172 ;;                  1    wreg      void 
   173 ;; Registers used:
   174 ;;		None
   175 ;; Tracked objects:
   176 ;;		On entry : 0/0
   177 ;;		On exit  : 0/0
   178 ;;		Unchanged: 0/0
   179 ;; Data sizes:     COMRAM   BANK0
   180 ;;      Params:         0       0
   181 ;;      Locals:         0       0
   182 ;;      Temps:         14       0
   183 ;;      Totals:        14       0
   184 ;;Total ram usage:       14 bytes
   185 ;; Hardware stack levels used:    1
   186 ;; This function calls:
   187 ;;		Nothing
   188 ;; This function is called by:
   189 ;;		Interrupt level 2
   190 ;; This function uses a non-reentrant model
   191 ;;
   192                           
   193                           	psect	intcode
   194  000008                     __pintcode:
   195                           	opt stack 0
   196  000008                     _MyHighPriorityIsr:
   197                           	opt stack 30
   198                           
   199                           ;incstack = 0
   200  000008  820F               	bsf	btemp,1,c	;set compiler interrupt flag (level 2)
   201  00000A  CFFA F001          	movff	pclath,??_MyHighPriorityIsr
   202  00000E  CFFB F002          	movff	pclatu,??_MyHighPriorityIsr+1
   203  000012  CFE9 F003          	movff	fsr0l,??_MyHighPriorityIsr+2
   204  000016  CFEA F004          	movff	fsr0h,??_MyHighPriorityIsr+3
   205  00001A  CFE1 F005          	movff	fsr1l,??_MyHighPriorityIsr+4
   206  00001E  CFE2 F006          	movff	fsr1h,??_MyHighPriorityIsr+5
   207  000022  CFD9 F007          	movff	fsr2l,??_MyHighPriorityIsr+6
   208  000026  CFDA F008          	movff	fsr2h,??_MyHighPriorityIsr+7
   209  00002A  CFF3 F009          	movff	prodl,??_MyHighPriorityIsr+8
   210  00002E  CFF4 F00A          	movff	prodh,??_MyHighPriorityIsr+9
   211  000032  CFF6 F00B          	movff	tblptrl,??_MyHighPriorityIsr+10
   212  000036  CFF7 F00C          	movff	tblptrh,??_MyHighPriorityIsr+11
   213  00003A  CFF8 F00D          	movff	tblptru,??_MyHighPriorityIsr+12
   214  00003E  CFF5 F00E          	movff	tablat,??_MyHighPriorityIsr+13
   215                           
   216                           ;interrupt.c: 25: if(INTCONbits.INT0F == 1)
   217  000042  A2F2               	btfss	intcon,1,c	;volatile
   218  000044  D002               	goto	i2l18
   219                           
   220                           ;interrupt.c: 26: {
   221                           ;interrupt.c: 27: PORTBbits.RB4 = 1;
   222  000046  8881               	bsf	3969,4,c	;volatile
   223                           
   224                           ;interrupt.c: 28: INTCONbits.INT0F = 0;
   225  000048  92F2               	bcf	intcon,1,c	;volatile
   226  00004A                     i2l18:
   227  00004A  C00E  FFF5         	movff	??_MyHighPriorityIsr+13,tablat
   228  00004E  C00D  FFF8         	movff	??_MyHighPriorityIsr+12,tblptru
   229  000052  C00C  FFF7         	movff	??_MyHighPriorityIsr+11,tblptrh
   230  000056  C00B  FFF6         	movff	??_MyHighPriorityIsr+10,tblptrl
   231  00005A  C00A  FFF4         	movff	??_MyHighPriorityIsr+9,prodh
   232  00005E  C009  FFF3         	movff	??_MyHighPriorityIsr+8,prodl
   233  000062  C008  FFDA         	movff	??_MyHighPriorityIsr+7,fsr2h
   234  000066  C007  FFD9         	movff	??_MyHighPriorityIsr+6,fsr2l
   235  00006A  C006  FFE2         	movff	??_MyHighPriorityIsr+5,fsr1h
   236  00006E  C005  FFE1         	movff	??_MyHighPriorityIsr+4,fsr1l
   237  000072  C004  FFEA         	movff	??_MyHighPriorityIsr+3,fsr0h
   238  000076  C003  FFE9         	movff	??_MyHighPriorityIsr+2,fsr0l
   239  00007A  C002  FFFB         	movff	??_MyHighPriorityIsr+1,pclatu
   240  00007E  C001  FFFA         	movff	??_MyHighPriorityIsr,pclath
   241  000082  920F               	bcf	btemp,1,c	;clear compiler interrupt flag (level 2)
   242  000084  0011               	retfie		f
   243  000086                     __end_of_MyHighPriorityIsr:
   244                           	opt stack 0
   245  0000                     pclatu	equ	0xFFB
   246                           pclath	equ	0xFFA
   247                           tblptru	equ	0xFF8
   248                           tblptrh	equ	0xFF7
   249                           tblptrl	equ	0xFF6
   250                           tablat	equ	0xFF5
   251                           prodh	equ	0xFF4
   252                           prodl	equ	0xFF3
   253                           intcon	equ	0xFF2
   254                           intcon2	equ	0xFF1
   255                           fsr0h	equ	0xFEA
   256                           fsr0l	equ	0xFE9
   257                           fsr1h	equ	0xFE2
   258                           fsr1l	equ	0xFE1
   259                           fsr2h	equ	0xFDA
   260                           fsr2l	equ	0xFD9
   261                           pclatu	equ	0xFFB
   262                           pclath	equ	0xFFA
   263                           tblptru	equ	0xFF8
   264                           tblptrh	equ	0xFF7
   265                           tblptrl	equ	0xFF6
   266                           tablat	equ	0xFF5
   267                           prodh	equ	0xFF4
   268                           prodl	equ	0xFF3
   269                           intcon	equ	0xFF2
   270                           intcon2	equ	0xFF1
   271                           fsr0h	equ	0xFEA
   272                           fsr0l	equ	0xFE9
   273                           fsr1h	equ	0xFE2
   274                           fsr1l	equ	0xFE1
   275                           fsr2h	equ	0xFDA
   276                           fsr2l	equ	0xFD9
   277                           
   278                           	psect	rparam
   279  0000                     pclatu	equ	0xFFB
   280                           pclath	equ	0xFFA
   281                           tblptru	equ	0xFF8
   282                           tblptrh	equ	0xFF7
   283                           tblptrl	equ	0xFF6
   284                           tablat	equ	0xFF5
   285                           prodh	equ	0xFF4
   286                           prodl	equ	0xFF3
   287                           intcon	equ	0xFF2
   288                           intcon2	equ	0xFF1
   289                           fsr0h	equ	0xFEA
   290                           fsr0l	equ	0xFE9
   291                           fsr1h	equ	0xFE2
   292                           fsr1l	equ	0xFE1
   293                           fsr2h	equ	0xFDA
   294                           fsr2l	equ	0xFD9
   295                           
   296                           	psect	temp
   297  00000F                     btemp:
   298                           	opt stack 0
   299  00000F                     	ds	1
   300  0000                     int$flags	set	btemp
   301                           pclatu	equ	0xFFB
   302                           pclath	equ	0xFFA
   303                           tblptru	equ	0xFF8
   304                           tblptrh	equ	0xFF7
   305                           tblptrl	equ	0xFF6
   306                           tablat	equ	0xFF5
   307                           prodh	equ	0xFF4
   308                           prodl	equ	0xFF3
   309                           intcon	equ	0xFF2
   310                           intcon2	equ	0xFF1
   311                           fsr0h	equ	0xFEA
   312                           fsr0l	equ	0xFE9
   313                           fsr1h	equ	0xFE2
   314                           fsr1l	equ	0xFE1
   315                           fsr2h	equ	0xFDA
   316                           fsr2l	equ	0xFD9


Data Sizes:
    Strings     0
    Constant    0
    Data        0
    BSS         0
    Persistent  0
    Stack       0

Auto Spaces:
    Space          Size  Autos    Used
    COMRAM          126     14      14
    BANK0           116      0       0

Pointer List with Targets:

    None.

Critical Paths under _main in COMRAM

    None.

Critical Paths under _MyHighPriorityIsr in COMRAM

    None.

Critical Paths under _main in BANK0

    None.

Critical Paths under _MyHighPriorityIsr in BANK0

    None.

Call Graph Tables:

 ---------------------------------------------------------------------------------
 (Depth) Function   	        Calls       Base Space   Used Autos Params    Refs
 ---------------------------------------------------------------------------------
 (0) _main                                                 0     0      0       0
 ---------------------------------------------------------------------------------
 Estimated maximum stack depth 0
 ---------------------------------------------------------------------------------
 (Depth) Function   	        Calls       Base Space   Used Autos Params    Refs
 ---------------------------------------------------------------------------------
 (1) _MyHighPriorityIsr                                   14    14      0       0
                                              0 COMRAM    14    14      0
 ---------------------------------------------------------------------------------
 Estimated maximum stack depth 1
 ---------------------------------------------------------------------------------

 Call Graph Graphs:

 _main (ROOT)

 _MyHighPriorityIsr (ROOT)

 Address spaces:
Name               Size   Autos  Total    Cost      Usage
BITCOMRAM           7E      0       0       0        0.0%
EEDATA              80      0       0       0        0.0%
NULL                 0      0       0       0        0.0%
CODE                 0      0       0       0        0.0%
COMRAM              7E      E       E       1       11.1%
STACK                0      0       0       2        0.0%
BITBANK0            74      0       0       3        0.0%
BANK0               74      0       0       4        0.0%
ABS                  0      0       0       5        0.0%
BIGRAM              F3      0       0       6        0.0%
DATA                 0      0       0       7        0.0%
BITSFR_5             0      0       0     200        0.0%
SFR_5                0      0       0     200        0.0%
BITSFR_4             0      0       0     200        0.0%
SFR_4                0      0       0     200        0.0%
BITSFR_3             0      0       0     200        0.0%
SFR_3                0      0       0     200        0.0%
BITSFR_2             0      0       0     200        0.0%
SFR_2                0      0       0     200        0.0%
BITSFR_1             0      0       0     200        0.0%
SFR_1                0      0       0     200        0.0%
BITSFR               0      0       0     200        0.0%
SFR                  0      0       0     200        0.0%


Microchip Technology PIC18 Macro Assembler V1.41 build -162212810 
Symbol Table                                                                                   Wed Mar 22 21:03:50 2017

                        l21 00A2                        i2l18 004A                        _main 008A  
                      fsr0h 000FEA                        fsr1h 000FE2                        fsr2h 000FDA  
                      fsr0l 000FE9                        fsr1l 000FE1                        fsr2l 000FD9  
                      btemp 000F                        prodh 000FF4                        prodl 000FF3  
                      start 0086                ___param_bank 000000                       ?_main 0001  
                     pclath 000FFA                       tablat 000FF5             __initialization 00A4  
              __end_of_main 00A4                      ??_main 000F               __activetblptr 000000  
                    tblptrh 000FF7                      tblptrl 000FF6                      tblptru 000FF8  
         _MyHighPriorityIsr 0008                  __accesstop 0080     __end_of__initialization 00A4  
        ?_MyHighPriorityIsr 0001               ___rparam_used 000001              __pcstackCOMRAM 0001  
       ??_MyHighPriorityIsr 0001   __end_of_MyHighPriorityIsr 0086                     __Hparam 0000  
                   __Lparam 0000                     __pcinit 00A4                     __ramtop 0100  
                   __ptext0 008A  __size_of_MyHighPriorityIsr 007E        end_of_initialization 00A4  
                 _PORTBbits 000F81                   _TRISAbits 000F92                   _TRISBbits 000F93  
       start_initialization 00A4                   __pintcode 0008                  _ADCON1bits 000FC1  
               _INTCON2bits 000FF1                    __Hrparam 0000                    __Lrparam 0000  
             __size_of_main 001A                    int$flags 000F                  _INTCONbits 000FF2  
                  intlevel2 0000                  _OSCCONbits 000FD3  
