

Microchip Technology PIC18 LITE Macro Assembler V1.41 build -162212810 
                                                                                               Wed Mar 22 19:38:05 2017

Microchip Technology Omniscient Code Generator v1.41 (Free mode) build 201701250102
     1                           	processor	18F1330
     2                           	fnconf	rparam,??,?,0
     3                           	opt	pw 120
     4                           	opt	lm
     5                           	psect	cinit,global,reloc=2,class=CODE,delta=1
     6                           	psect	cstackCOMRAM,global,class=COMRAM,space=1,delta=1,noexec
     7                           	psect	text0,global,reloc=2,class=CODE,delta=1
     8                           	psect	intcode,global,reloc=2,class=CODE,delta=1
     9                           	psect	intsave_regs,global,class=BIGRAM,space=1,delta=1,noexec
    10                           	psect	rparam,global,class=COMRAM,space=1,delta=1,noexec
    11                           	psect	temp,global,ovrld,common,class=COMRAM,space=1,delta=1
    12  0000                     
    13                           ; Version 1.41
    14                           ; Generated 25/01/2017 GMT
    15                           ; 
    16                           ; Copyright © 2017, Microchip Technology Inc. and its subsidiaries ("Microchip")
    17                           ; All rights reserved.
    18                           ; 
    19                           ; This software is developed by Microchip Technology Inc. and its subsidiaries ("Microch
      +                          ip").
    20                           ; 
    21                           ; Redistribution and use in source and binary forms, with or without modification, are
    22                           ; permitted provided that the following conditions are met:
    23                           ; 
    24                           ;     1. Redistributions of source code must retain the above copyright notice, this lis
      +                          t of
    25                           ;        conditions and the following disclaimer.
    26                           ; 
    27                           ;     2. Redistributions in binary form must reproduce the above copyright notice, this 
      +                          list
    28                           ;        of conditions and the following disclaimer in the documentation and/or other
    29                           ;        materials provided with the distribution.
    30                           ; 
    31                           ;     3. Microchip's name may not be used to endorse or promote products derived from th
      +                          is
    32                           ;        software without specific prior written permission.
    33                           ; 
    34                           ; THIS SOFTWARE IS PROVIDED BY MICROCHIP "AS IS" AND ANY EXPRESS OR IMPLIED WARRANTIES,
    35                           ; INCLUDING, BUT NOT LIMITED TO, THE IMPLIED WARRANTIES OF MERCHANTABILITY AND FITNESS F
      +                          OR
    36                           ; PURPOSE ARE DISCLAIMED.  IN NO EVENT SHALL MICROCHIP BE LIABLE FOR ANY DIRECT, INDIREC
      +                          T,
    37                           ; INCIDENTAL, SPECIAL, EXEMPLARY, OR CONSEQUENTIAL DAMAGES (INCLUDING BUT NOT LIMITED TO
    38                           ; PROCUREMENT OF SUBSTITUTE GOODS OR SERVICES; LOSS OF USE, DATA OR PROFITS; OR BUSINESS
    39                           ; INTERRUPTION) HOWSOEVER CAUSED AND ON ANY THEORY OF LIABILITY, WHETHER IN CONTRACT, ST
      +                          RICT
    40                           ; LIABILITY, OR TORT (INCLUDING NEGLIGENCE OR OTHERWISE) ARISING IN ANY WAY OUT OF THE U
      +                          SE OF
    41                           ; THIS SOFTWARE, EVEN IF ADVISED OF THE POSSIBILITY OF SUCH DAMAGE.
    42                           ; 
    43                           ; 
    44                           ; Code-generator required, PIC18F1330 Definitions
    45                           ; 
    46                           ; SFR Addresses
    47  0000                     _INTCON2bits	set	4081
    48  0000                     _PORTBbits	set	3969
    49  0000                     _TRISAbits	set	3986
    50  0000                     _TRISBbits	set	3987
    51  0000                     _OSCCONbits	set	4051
    52  0000                     _INTCONbits	set	4082
    53  0000                     _LATB4	set	31828
    54                           
    55                           ; #config settings
    56  0000                     
    57                           	psect	cinit
    58  0000AA                     __pcinit:
    59                           	opt stack 0
    60  0000AA                     start_initialization:
    61                           	opt stack 0
    62  0000AA                     __initialization:
    63                           	opt stack 0
    64  0000AA                     end_of_initialization:
    65                           	opt stack 0
    66  0000AA                     __end_of__initialization:
    67                           	opt stack 0
    68  0000AA  900F               	bcf	int$flags,0,c	;clear compiler interrupt flag (level 1)
    69  0000AC  920F               	bcf	int$flags,1,c	;clear compiler interrupt flag (level 2)
    70  0000AE  0100               	movlb	0
    71  0000B0  EF49  F000         	goto	_main	;jump to C main() function
    72                           
    73                           	psect	cstackCOMRAM
    74  000001                     __pcstackCOMRAM:
    75                           	opt stack 0
    76  000001                     ??_MyHighPriorityIsr:
    77  000001                     
    78                           ; 1 bytes @ 0x0
    79  000001                     	ds	14
    80  00000F                     
    81                           ; 1 bytes @ 0xE
    82 ;;
    83 ;;Main: autosize = 0, tempsize = 0, incstack = 0, save=0
    84 ;;
    85 ;; *************** function _main *****************
    86 ;; Defined at:
    87 ;;		line 84 in file "interrupt.c"
    88 ;; Parameters:    Size  Location     Type
    89 ;;		None
    90 ;; Auto vars:     Size  Location     Type
    91 ;;		None
    92 ;; Return value:  Size  Location     Type
    93 ;;                  1    wreg      void 
    94 ;; Registers used:
    95 ;;		None
    96 ;; Tracked objects:
    97 ;;		On entry : 0/0
    98 ;;		On exit  : 0/0
    99 ;;		Unchanged: 0/0
   100 ;; Data sizes:     COMRAM   BANK0
   101 ;;      Params:         0       0
   102 ;;      Locals:         0       0
   103 ;;      Temps:          0       0
   104 ;;      Totals:         0       0
   105 ;;Total ram usage:        0 bytes
   106 ;; Hardware stack levels required when called:    1
   107 ;; This function calls:
   108 ;;		Nothing
   109 ;; This function is called by:
   110 ;;		Startup code after reset
   111 ;; This function uses a non-reentrant model
   112 ;;
   113                           
   114                           	psect	text0
   115  000092                     __ptext0:
   116                           	opt stack 0
   117  000092                     _main:
   118                           	opt stack 30
   119                           
   120                           ;interrupt.c: 86: OSCCONbits.IRCF2 = 1;
   121                           
   122                           ;incstack = 0
   123  000092  8CD3               	bsf	4051,6,c	;volatile
   124                           
   125                           ;interrupt.c: 87: OSCCONbits.IRCF1 = 1;
   126  000094  8AD3               	bsf	4051,5,c	;volatile
   127                           
   128                           ;interrupt.c: 88: OSCCONbits.IRCF0 = 1;
   129  000096  88D3               	bsf	4051,4,c	;volatile
   130                           
   131                           ;interrupt.c: 90: TRISBbits.TRISB4 = 0;
   132  000098  9893               	bcf	3987,4,c	;volatile
   133                           
   134                           ;interrupt.c: 91: TRISAbits.TRISA0 = 1;
   135  00009A  8092               	bsf	3986,0,c	;volatile
   136                           
   137                           ;interrupt.c: 92: PORTBbits.RB4 = 0;
   138  00009C  9881               	bcf	3969,4,c	;volatile
   139                           
   140                           ;interrupt.c: 96: INTCONbits.GIE = 1;
   141  00009E  8EF2               	bsf	intcon,7,c	;volatile
   142                           
   143                           ;interrupt.c: 97: INTCONbits.INT0E = 1;
   144  0000A0  88F2               	bsf	intcon,4,c	;volatile
   145                           
   146                           ;interrupt.c: 98: INTCON2bits.INTEDG0 = 1;
   147  0000A2  8CF1               	bsf	intcon2,6,c	;volatile
   148                           
   149                           ;interrupt.c: 99: INTCONbits.INT0F = 1;
   150  0000A4  82F2               	bsf	intcon,1,c	;volatile
   151                           
   152                           ;interrupt.c: 100: (INTCONbits.GIE = 1);
   153  0000A6  8EF2               	bsf	intcon,7,c	;volatile
   154  0000A8                     l21:
   155  0000A8  D7FF               	goto	l21
   156  0000AA                     __end_of_main:
   157                           	opt stack 0
   158                           intcon	equ	0xFF2
   159                           intcon2	equ	0xFF1
   160                           
   161 ;; *************** function _MyHighPriorityIsr *****************
   162 ;; Defined at:
   163 ;;		line 72 in file "interrupt.c"
   164 ;; Parameters:    Size  Location     Type
   165 ;;		None
   166 ;; Auto vars:     Size  Location     Type
   167 ;;		None
   168 ;; Return value:  Size  Location     Type
   169 ;;                  1    wreg      void 
   170 ;; Registers used:
   171 ;;		None
   172 ;; Tracked objects:
   173 ;;		On entry : 0/0
   174 ;;		On exit  : 0/0
   175 ;;		Unchanged: 0/0
   176 ;; Data sizes:     COMRAM   BANK0
   177 ;;      Params:         0       0
   178 ;;      Locals:         0       0
   179 ;;      Temps:         14       0
   180 ;;      Totals:        14       0
   181 ;;Total ram usage:       14 bytes
   182 ;; Hardware stack levels used:    1
   183 ;; This function calls:
   184 ;;		Nothing
   185 ;; This function is called by:
   186 ;;		Interrupt level 2
   187 ;; This function uses a non-reentrant model
   188 ;;
   189                           
   190                           	psect	intcode
   191  000008                     __pintcode:
   192                           	opt stack 0
   193  000008                     _MyHighPriorityIsr:
   194                           	opt stack 30
   195                           
   196                           ;incstack = 0
   197  000008  820F               	bsf	btemp,1,c	;set compiler interrupt flag (level 2)
   198  00000A  CFFA F001          	movff	pclath,??_MyHighPriorityIsr
   199  00000E  CFFB F002          	movff	pclatu,??_MyHighPriorityIsr+1
   200  000012  CFE9 F003          	movff	fsr0l,??_MyHighPriorityIsr+2
   201  000016  CFEA F004          	movff	fsr0h,??_MyHighPriorityIsr+3
   202  00001A  CFE1 F005          	movff	fsr1l,??_MyHighPriorityIsr+4
   203  00001E  CFE2 F006          	movff	fsr1h,??_MyHighPriorityIsr+5
   204  000022  CFD9 F007          	movff	fsr2l,??_MyHighPriorityIsr+6
   205  000026  CFDA F008          	movff	fsr2h,??_MyHighPriorityIsr+7
   206  00002A  CFF3 F009          	movff	prodl,??_MyHighPriorityIsr+8
   207  00002E  CFF4 F00A          	movff	prodh,??_MyHighPriorityIsr+9
   208  000032  CFF6 F00B          	movff	tblptrl,??_MyHighPriorityIsr+10
   209  000036  CFF7 F00C          	movff	tblptrh,??_MyHighPriorityIsr+11
   210  00003A  CFF8 F00D          	movff	tblptru,??_MyHighPriorityIsr+12
   211  00003E  CFF5 F00E          	movff	tablat,??_MyHighPriorityIsr+13
   212                           
   213                           ;interrupt.c: 75: if(INTCONbits.INT0F == 1)
   214  000042  A2F2               	btfss	intcon,1,c	;volatile
   215  000044  D006               	goto	i2l18
   216                           
   217                           ;interrupt.c: 76: {
   218                           ;interrupt.c: 77: LATB4 = ~LATB4;
   219  000046  B88A               	btfsc	3978,4,c	;volatile
   220  000048  D002               	goto	i2u2_40
   221  00004A  888A               	bsf	3978,4,c	;volatile
   222  00004C  D001               	goto	i2u3_45
   223  00004E                     i2u2_40:
   224  00004E  988A               	bcf	3978,4,c	;volatile
   225  000050                     i2u3_45:
   226                           
   227                           ;interrupt.c: 78: INTCONbits.INT0F = 0;
   228  000050  92F2               	bcf	intcon,1,c	;volatile
   229  000052                     i2l18:
   230  000052  C00E  FFF5         	movff	??_MyHighPriorityIsr+13,tablat
   231  000056  C00D  FFF8         	movff	??_MyHighPriorityIsr+12,tblptru
   232  00005A  C00C  FFF7         	movff	??_MyHighPriorityIsr+11,tblptrh
   233  00005E  C00B  FFF6         	movff	??_MyHighPriorityIsr+10,tblptrl
   234  000062  C00A  FFF4         	movff	??_MyHighPriorityIsr+9,prodh
   235  000066  C009  FFF3         	movff	??_MyHighPriorityIsr+8,prodl
   236  00006A  C008  FFDA         	movff	??_MyHighPriorityIsr+7,fsr2h
   237  00006E  C007  FFD9         	movff	??_MyHighPriorityIsr+6,fsr2l
   238  000072  C006  FFE2         	movff	??_MyHighPriorityIsr+5,fsr1h
   239  000076  C005  FFE1         	movff	??_MyHighPriorityIsr+4,fsr1l
   240  00007A  C004  FFEA         	movff	??_MyHighPriorityIsr+3,fsr0h
   241  00007E  C003  FFE9         	movff	??_MyHighPriorityIsr+2,fsr0l
   242  000082  C002  FFFB         	movff	??_MyHighPriorityIsr+1,pclatu
   243  000086  C001  FFFA         	movff	??_MyHighPriorityIsr,pclath
   244  00008A  920F               	bcf	btemp,1,c	;clear compiler interrupt flag (level 2)
   245  00008C  0011               	retfie		f
   246  00008E                     __end_of_MyHighPriorityIsr:
   247                           	opt stack 0
   248  0000                     pclatu	equ	0xFFB
   249                           pclath	equ	0xFFA
   250                           tblptru	equ	0xFF8
   251                           tblptrh	equ	0xFF7
   252                           tblptrl	equ	0xFF6
   253                           tablat	equ	0xFF5
   254                           prodh	equ	0xFF4
   255                           prodl	equ	0xFF3
   256                           intcon	equ	0xFF2
   257                           intcon2	equ	0xFF1
   258                           fsr0h	equ	0xFEA
   259                           fsr0l	equ	0xFE9
   260                           fsr1h	equ	0xFE2
   261                           fsr1l	equ	0xFE1
   262                           fsr2h	equ	0xFDA
   263                           fsr2l	equ	0xFD9
   264                           pclatu	equ	0xFFB
   265                           pclath	equ	0xFFA
   266                           tblptru	equ	0xFF8
   267                           tblptrh	equ	0xFF7
   268                           tblptrl	equ	0xFF6
   269                           tablat	equ	0xFF5
   270                           prodh	equ	0xFF4
   271                           prodl	equ	0xFF3
   272                           intcon	equ	0xFF2
   273                           intcon2	equ	0xFF1
   274                           fsr0h	equ	0xFEA
   275                           fsr0l	equ	0xFE9
   276                           fsr1h	equ	0xFE2
   277                           fsr1l	equ	0xFE1
   278                           fsr2h	equ	0xFDA
   279                           fsr2l	equ	0xFD9
   280                           
   281                           	psect	rparam
   282  0000                     pclatu	equ	0xFFB
   283                           pclath	equ	0xFFA
   284                           tblptru	equ	0xFF8
   285                           tblptrh	equ	0xFF7
   286                           tblptrl	equ	0xFF6
   287                           tablat	equ	0xFF5
   288                           prodh	equ	0xFF4
   289                           prodl	equ	0xFF3
   290                           intcon	equ	0xFF2
   291                           intcon2	equ	0xFF1
   292                           fsr0h	equ	0xFEA
   293                           fsr0l	equ	0xFE9
   294                           fsr1h	equ	0xFE2
   295                           fsr1l	equ	0xFE1
   296                           fsr2h	equ	0xFDA
   297                           fsr2l	equ	0xFD9
   298                           
   299                           	psect	temp
   300  00000F                     btemp:
   301                           	opt stack 0
   302  00000F                     	ds	1
   303  0000                     int$flags	set	btemp
   304                           pclatu	equ	0xFFB
   305                           pclath	equ	0xFFA
   306                           tblptru	equ	0xFF8
   307                           tblptrh	equ	0xFF7
   308                           tblptrl	equ	0xFF6
   309                           tablat	equ	0xFF5
   310                           prodh	equ	0xFF4
   311                           prodl	equ	0xFF3
   312                           intcon	equ	0xFF2
   313                           intcon2	equ	0xFF1
   314                           fsr0h	equ	0xFEA
   315                           fsr0l	equ	0xFE9
   316                           fsr1h	equ	0xFE2
   317                           fsr1l	equ	0xFE1
   318                           fsr2h	equ	0xFDA
   319                           fsr2l	equ	0xFD9


Data Sizes:
    Strings     0
    Constant    0
    Data        0
    BSS         0
    Persistent  0
    Stack       0

Auto Spaces:
    Space          Size  Autos    Used
    COMRAM          126     14      14
    BANK0           128      0       0

Pointer List with Targets:

    None.

Critical Paths under _main in COMRAM

    None.

Critical Paths under _MyHighPriorityIsr in COMRAM

    None.

Critical Paths under _main in BANK0

    None.

Critical Paths under _MyHighPriorityIsr in BANK0

    None.

Call Graph Tables:

 ---------------------------------------------------------------------------------
 (Depth) Function   	        Calls       Base Space   Used Autos Params    Refs
 ---------------------------------------------------------------------------------
 (0) _main                                                 0     0      0       0
 ---------------------------------------------------------------------------------
 Estimated maximum stack depth 0
 ---------------------------------------------------------------------------------
 (Depth) Function   	        Calls       Base Space   Used Autos Params    Refs
 ---------------------------------------------------------------------------------
 (1) _MyHighPriorityIsr                                   14    14      0       0
                                              0 COMRAM    14    14      0
 ---------------------------------------------------------------------------------
 Estimated maximum stack depth 1
 ---------------------------------------------------------------------------------

 Call Graph Graphs:

 _main (ROOT)

 _MyHighPriorityIsr (ROOT)

 Address spaces:
Name               Size   Autos  Total    Cost      Usage
BITCOMRAM           7E      0       0       0        0.0%
EEDATA              80      0       0       0        0.0%
NULL                 0      0       0       0        0.0%
CODE                 0      0       0       0        0.0%
COMRAM              7E      E       E       1       11.1%
STACK                0      0       0       2        0.0%
BITBANK0            80      0       0       3        0.0%
BANK0               80      0       0       4        0.0%
ABS                  0      0       0       5        0.0%
BIGRAM              FF      0       0       6        0.0%
DATA                 0      0       0       7        0.0%
BITSFR               0      0       0     200        0.0%
SFR                  0      0       0     200        0.0%


Microchip Technology PIC18 Macro Assembler V1.41 build -162212810 
Symbol Table                                                                                   Wed Mar 22 19:38:05 2017

                        l21 00A8                 __CFG_BORV$3 000000                __CFG_CP0$OFF 000000  
              __CFG_CP1$OFF 000000                __CFG_CPB$OFF 000000                __CFG_CPD$OFF 000000  
              __CFG_IESO$ON 000000                __CFG_WDT$OFF 000000                        i2l18 0052  
             __CFG_BOR$BOHW 000000                        _main 0092                        fsr0h 000FEA  
                      fsr1h 000FE2                        fsr2h 000FDA                        fsr0l 000FE9  
                      fsr1l 000FE1                        fsr2l 000FD9                        btemp 000F  
                      prodh 000FF4                        prodl 000FF3                        start 008E  
             __CFG_MCLRE$ON 000000                ___param_bank 000000                       ?_main 0001  
                     _LATB4 007C54               __CFG_PWRT$OFF 000000               __CFG_WRT0$OFF 000000  
             __CFG_WRT1$OFF 000000              __CFG_EBTR0$OFF 000000              __CFG_FCMEN$OFF 000000  
            __CFG_EBTR1$OFF 000000               __CFG_WRTB$OFF 000000               __CFG_WRTC$OFF 000000  
             __CFG_WRTD$OFF 000000              __CFG_EBTRB$OFF 000000                       pclath 000FFA  
                     tablat 000FF5             __initialization 00AA              __CFG_HPOL$HIGH 000000  
              __end_of_main 00AA              __CFG_LPOL$HIGH 000000                      ??_main 000F  
             __activetblptr 000000                      i2u2_40 004E                      i2u3_45 0050  
            __CFG_XINST$OFF 000000              __CFG_STVREN$ON 000000                      tblptrh 000FF7  
                    tblptrl 000FF6                      tblptru 000FF8           _MyHighPriorityIsr 0008  
                __accesstop 0080     __end_of__initialization 00AA             __CFG_FLTAMX$RA5 000000  
        ?_MyHighPriorityIsr 0001               ___rparam_used 000001              __pcstackCOMRAM 0001  
       ??_MyHighPriorityIsr 0001             __CFG_OSC$INTIO1 000000   __end_of_MyHighPriorityIsr 008E  
          __CFG_BBSIZ$BB256 000000             __CFG_PWMPIN$OFF 000000                     __Hparam 0000  
                   __Lparam 0000                     __pcinit 00AA                     __ramtop 0100  
                   __ptext0 0092  __size_of_MyHighPriorityIsr 0086        end_of_initialization 00AA  
                 _PORTBbits 000F81                   _TRISAbits 000F92                   _TRISBbits 000F93  
          __CFG_T1OSCMX$LOW 000000         start_initialization 00AA                   __pintcode 0008  
          __CFG_WDTPS$32768 000000                 _INTCON2bits 000FF1                    __Hrparam 0000  
                  __Lrparam 0000               __size_of_main 0018                    int$flags 000F  
                _INTCONbits 000FF2                    intlevel2 0000                  _OSCCONbits 000FD3  
