

Microchip Technology PIC18 LITE Macro Assembler V1.45 build -152302408 
                                                                                               Thu Mar 08 15:03:34 2018

Microchip Technology Omniscient Code Generator v1.45 (Free mode) build 201711160504
     1                           	processor	18F1330
     2                           	fnconf	rparam,??,?,0
     3                           	opt	pw 120
     4                           	opt	lm
     5                           	psect	nvCOMRAM,global,class=COMRAM,space=1,delta=1,noexec
     6                           	psect	cinit,global,reloc=2,class=CODE,delta=1
     7                           	psect	bssCOMRAM,global,class=COMRAM,space=1,delta=1,noexec
     8                           	psect	cstackCOMRAM,global,class=COMRAM,space=1,delta=1,noexec
     9                           	psect	text0,global,reloc=2,class=CODE,delta=1
    10                           	psect	intsave_regs,global,class=BIGRAM,space=1,delta=1,noexec
    11                           	psect	rparam,global,class=COMRAM,space=1,delta=1,noexec
    12  0000                     
    13                           ; Version 1.45
    14                           ; Generated 16/11/2017 GMT
    15                           ; 
    16                           ; Copyright © 2017, Microchip Technology Inc. and its subsidiaries ("Microchip")
    17                           ; All rights reserved.
    18                           ; 
    19                           ; This software is developed by Microchip Technology Inc. and its subsidiaries ("Microch
      +                          ip").
    20                           ; 
    21                           ; Redistribution and use in source and binary forms, with or without modification, are
    22                           ; permitted provided that the following conditions are met:
    23                           ; 
    24                           ;     1. Redistributions of source code must retain the above copyright notice, this lis
      +                          t of
    25                           ;        conditions and the following disclaimer.
    26                           ; 
    27                           ;     2. Redistributions in binary form must reproduce the above copyright notice, this 
      +                          list
    28                           ;        of conditions and the following disclaimer in the documentation and/or other
    29                           ;        materials provided with the distribution.
    30                           ; 
    31                           ;     3. Microchip's name may not be used to endorse or promote products derived from th
      +                          is
    32                           ;        software without specific prior written permission.
    33                           ; 
    34                           ; THIS SOFTWARE IS PROVIDED BY MICROCHIP "AS IS" AND ANY EXPRESS OR IMPLIED WARRANTIES,
    35                           ; INCLUDING, BUT NOT LIMITED TO, THE IMPLIED WARRANTIES OF MERCHANTABILITY AND FITNESS F
      +                          OR
    36                           ; PURPOSE ARE DISCLAIMED.  IN NO EVENT SHALL MICROCHIP BE LIABLE FOR ANY DIRECT, INDIREC
      +                          T,
    37                           ; INCIDENTAL, SPECIAL, EXEMPLARY, OR CONSEQUENTIAL DAMAGES (INCLUDING BUT NOT LIMITED TO
    38                           ; PROCUREMENT OF SUBSTITUTE GOODS OR SERVICES; LOSS OF USE, DATA OR PROFITS; OR BUSINESS
    39                           ; INTERRUPTION) HOWSOEVER CAUSED AND ON ANY THEORY OF LIABILITY, WHETHER IN CONTRACT, ST
      +                          RICT
    40                           ; LIABILITY, OR TORT (INCLUDING NEGLIGENCE OR OTHERWISE) ARISING IN ANY WAY OUT OF THE U
      +                          SE OF
    41                           ; THIS SOFTWARE, EVEN IF ADVISED OF THE POSSIBILITY OF SUCH DAMAGE.
    42                           ; 
    43                           ; 
    44                           ; Code-generator required, PIC18F1330 Definitions
    45                           ; 
    46                           ; SFR Addresses
    47  0000                     
    48                           	psect	nvCOMRAM
    49  000003                     __pnvCOMRAM:
    50                           	opt stack 0
    51  000003                     _result:
    52                           	opt stack 0
    53  000003                     	ds	1
    54  0000                     _PORTAbits	set	3968
    55  0000                     _ADRESH	set	4036
    56  0000                     _INTCON2bits	set	4081
    57  0000                     _ADCON0bits	set	4034
    58  0000                     _ADCON2bits	set	4032
    59  0000                     _ADCON1bits	set	4033
    60  0000                     _TRISAbits	set	3986
    61  0000                     _PORTBbits	set	3969
    62  0000                     _TRISBbits	set	3987
    63  0000                     _OSCCON	set	4051
    64  0000                     _T0CONbits	set	4053
    65  0000                     _TMR0L	set	4054
    66  0000                     _TMR0H	set	4055
    67  0000                     _INTCONbits	set	4082
    68                           
    69                           ; #config settings
    70  0000                     
    71                           	psect	cinit
    72  001F5C                     __pcinit:
    73                           	opt stack 0
    74  001F5C                     start_initialization:
    75                           	opt stack 0
    76  001F5C                     __initialization:
    77                           	opt stack 0
    78                           
    79                           ; Clear objects allocated to COMRAM (2 bytes)
    80  001F5C  6A02               	clrf	(__pbssCOMRAM+1)& (0+255),c
    81  001F5E  6A01               	clrf	__pbssCOMRAM& (0+255),c
    82  001F60                     end_of_initialization:
    83                           	opt stack 0
    84  001F60                     __end_of__initialization:
    85                           	opt stack 0
    86  001F60  0100               	movlb	0
    87  001F62  EFB3  F00F         	goto	_main	;jump to C main() function
    88                           
    89                           	psect	bssCOMRAM
    90  000001                     __pbssCOMRAM:
    91                           	opt stack 0
    92  000001                     _sgvar:
    93                           	opt stack 0
    94  000001                     	ds	2
    95                           
    96                           	psect	cstackCOMRAM
    97  000000                     __pcstackCOMRAM:
    98                           	opt stack 0
    99  000000                     
   100                           ; 2 bytes @ 0x0
   101 ;;
   102 ;;Main: autosize = 0, tempsize = 0, incstack = 0, save=0
   103 ;;
   104 ;; *************** function _main *****************
   105 ;; Defined at:
   106 ;;		line 96 in file "../SGprojADCIntro2.c"
   107 ;; Parameters:    Size  Location     Type
   108 ;;		None
   109 ;; Auto vars:     Size  Location     Type
   110 ;;		None
   111 ;; Return value:  Size  Location     Type
   112 ;;                  2   42[None  ] int 
   113 ;; Registers used:
   114 ;;		wreg, status,2, status,0
   115 ;; Tracked objects:
   116 ;;		On entry : 0/0
   117 ;;		On exit  : 0/0
   118 ;;		Unchanged: 0/0
   119 ;; Data sizes:     COMRAM   BANK0
   120 ;;      Params:         0       0
   121 ;;      Locals:         0       0
   122 ;;      Temps:          0       0
   123 ;;      Totals:         0       0
   124 ;;Total ram usage:        0 bytes
   125 ;; This function calls:
   126 ;;		Nothing
   127 ;; This function is called by:
   128 ;;		Startup code after reset
   129 ;; This function uses a non-reentrant model
   130 ;;
   131                           
   132                           	psect	text0
   133  001F66                     __ptext0:
   134                           	opt stack 0
   135  001F66                     _main:
   136                           	opt stack 31
   137                           
   138                           ;SGprojADCIntro2.c: 101: OSCCON = 0x6C;
   139                           
   140                           ;incstack = 0
   141  001F66  0E6C               	movlw	108
   142  001F68  6ED3               	movwf	4051,c	;volatile
   143                           
   144                           ;SGprojADCIntro2.c: 107: TRISBbits.TRISB1 = 0;
   145  001F6A  9293               	bcf	3987,1,c	;volatile
   146                           
   147                           ;SGprojADCIntro2.c: 108: TRISBbits.RB5 = 1;
   148  001F6C  8A93               	bsf	3987,5,c	;volatile
   149                           
   150                           ;SGprojADCIntro2.c: 109: PORTBbits.RB1 = 0;
   151  001F6E  9281               	bcf	3969,1,c	;volatile
   152                           
   153                           ;SGprojADCIntro2.c: 110: result=TMR0L;
   154  001F70  CFD6 F003          	movff	4054,_result	;volatile
   155                           
   156                           ;SGprojADCIntro2.c: 111: TRISAbits.RA3 = 0;
   157  001F74  9692               	bcf	3986,3,c	;volatile
   158                           
   159                           ;SGprojADCIntro2.c: 112: TRISBbits.RB1 = 0;
   160  001F76  9293               	bcf	3987,1,c	;volatile
   161                           
   162                           ;SGprojADCIntro2.c: 115: ADCON1bits.PCFG1 = 0;
   163  001F78  92C1               	bcf	4033,1,c	;volatile
   164                           
   165                           ;SGprojADCIntro2.c: 116: TRISAbits.RA1 = 1;
   166  001F7A  8292               	bsf	3986,1,c	;volatile
   167                           
   168                           ;SGprojADCIntro2.c: 120: ADCON2bits.ADFM = 0;
   169  001F7C  9EC0               	bcf	4032,7,c	;volatile
   170                           
   171                           ;SGprojADCIntro2.c: 121: ADCON1bits.VCFG0 = 0;
   172  001F7E  98C1               	bcf	4033,4,c	;volatile
   173                           
   174                           ;SGprojADCIntro2.c: 123: ADCON0bits.CHS1 = 0;
   175  001F80  96C2               	bcf	4034,3,c	;volatile
   176                           
   177                           ;SGprojADCIntro2.c: 124: ADCON0bits.CHS0 = 1;
   178  001F82  84C2               	bsf	4034,2,c	;volatile
   179                           
   180                           ;SGprojADCIntro2.c: 126: ADCON2bits.ACQT2 = 0;
   181  001F84  9AC0               	bcf	4032,5,c	;volatile
   182                           
   183                           ;SGprojADCIntro2.c: 127: ADCON2bits.ACQT1 = 0;
   184  001F86  98C0               	bcf	4032,4,c	;volatile
   185                           
   186                           ;SGprojADCIntro2.c: 128: ADCON2bits.ACQT0 = 0;
   187  001F88  96C0               	bcf	4032,3,c	;volatile
   188                           
   189                           ;SGprojADCIntro2.c: 130: ADCON2bits.ADCS2 = 1;
   190  001F8A  84C0               	bsf	4032,2,c	;volatile
   191                           
   192                           ;SGprojADCIntro2.c: 131: ADCON2bits.ADCS1 = 0;
   193  001F8C  92C0               	bcf	4032,1,c	;volatile
   194                           
   195                           ;SGprojADCIntro2.c: 132: ADCON2bits.ADCS0 = 0;
   196  001F8E  90C0               	bcf	4032,0,c	;volatile
   197                           
   198                           ;SGprojADCIntro2.c: 134: ADCON0bits.ADON = 1;
   199  001F90  80C2               	bsf	4034,0,c	;volatile
   200                           
   201                           ;SGprojADCIntro2.c: 139: T0CONbits.T0CS = 0;
   202  001F92  9AD5               	bcf	4053,5,c	;volatile
   203                           
   204                           ;SGprojADCIntro2.c: 141: T0CONbits.PSA = 1;
   205  001F94  86D5               	bsf	4053,3,c	;volatile
   206                           
   207                           ;SGprojADCIntro2.c: 145: T0CONbits.T0PS2 = 0;
   208  001F96  94D5               	bcf	4053,2,c	;volatile
   209                           
   210                           ;SGprojADCIntro2.c: 146: T0CONbits.T0PS1 = 1;
   211  001F98  82D5               	bsf	4053,1,c	;volatile
   212                           
   213                           ;SGprojADCIntro2.c: 147: T0CONbits.T0PS0 = 0;
   214  001F9A  90D5               	bcf	4053,0,c	;volatile
   215                           
   216                           ;SGprojADCIntro2.c: 148: result=TMR0L;
   217  001F9C  CFD6 F003          	movff	4054,_result	;volatile
   218                           
   219                           ;SGprojADCIntro2.c: 149: INTCONbits.GIE = 1;
   220  001FA0  8EF2               	bsf	intcon,7,c	;volatile
   221                           
   222                           ;SGprojADCIntro2.c: 150: INTCONbits.INT0E = 1;
   223  001FA2  88F2               	bsf	intcon,4,c	;volatile
   224                           
   225                           ;SGprojADCIntro2.c: 151: INTCON2bits.INTEDG0 = 1;
   226  001FA4  8CF1               	bsf	intcon2,6,c	;volatile
   227                           
   228                           ;SGprojADCIntro2.c: 152: INTCONbits.INT0F = 0;
   229  001FA6  92F2               	bcf	intcon,1,c	;volatile
   230                           
   231                           ;SGprojADCIntro2.c: 154: INTCONbits.PEIE = 1;
   232  001FA8  8CF2               	bsf	intcon,6,c	;volatile
   233                           
   234                           ;SGprojADCIntro2.c: 160: sgvar = 0;
   235  001FAA  0E00               	movlw	0
   236  001FAC  6E02               	movwf	_sgvar+1,c
   237  001FAE  0E00               	movlw	0
   238  001FB0  6E01               	movwf	_sgvar,c
   239                           
   240                           ;SGprojADCIntro2.c: 164: TMR0L=0;
   241  001FB2  0E00               	movlw	0
   242  001FB4  6ED6               	movwf	4054,c	;volatile
   243                           
   244                           ;SGprojADCIntro2.c: 165: ADCON0bits.GO = 1;
   245  001FB6  82C2               	bsf	4034,1,c	;volatile
   246                           
   247                           ;SGprojADCIntro2.c: 166: while (ADCON0bits.GODONE == 1)
   248  001FB8  D001               	goto	l43
   249  001FBA                     l44:
   250                           
   251                           ;SGprojADCIntro2.c: 168: T0CONbits.TMR0ON = 0;
   252  001FBA  9ED5               	bcf	4053,7,c	;volatile
   253  001FBC                     l43:
   254  001FBC  B2C2               	btfsc	4034,1,c	;volatile
   255  001FBE  D7FD               	goto	l44
   256                           
   257                           ;SGprojADCIntro2.c: 169: if(ADRESH >= 0x19 )
   258  001FC0  0E18               	movlw	24
   259  001FC2  64C4               	cpfsgt	4036,c	;volatile
   260  001FC4  D001               	goto	l46
   261                           
   262                           ;SGprojADCIntro2.c: 170: {T0CONbits.TMR0ON = 1;}
   263  001FC6  8ED5               	bsf	4053,7,c	;volatile
   264  001FC8                     l46:
   265                           
   266                           ;SGprojADCIntro2.c: 171: if(ADRESH >= 0xE6 )
   267  001FC8  0EE5               	movlw	229
   268  001FCA  64C4               	cpfsgt	4036,c	;volatile
   269  001FCC  D001               	goto	l47
   270                           
   271                           ;SGprojADCIntro2.c: 172: {T0CONbits.TMR0ON = 0; }
   272  001FCE  9ED5               	bcf	4053,7,c	;volatile
   273  001FD0                     l47:
   274                           
   275                           ;SGprojADCIntro2.c: 176: if (result >= 0x01 && result <= 0x55)
   276  001FD0  5003               	movf	_result,w,c
   277  001FD2  B4D8               	btfsc	status,2,c
   278  001FD4  D005               	goto	l48
   279  001FD6  0E56               	movlw	86
   280  001FD8  6003               	cpfslt	_result,c
   281  001FDA  D002               	goto	l48
   282                           
   283                           ;SGprojADCIntro2.c: 177: {
   284                           ;SGprojADCIntro2.c: 180: PORTAbits.RA3 = 1;
   285  001FDC  8680               	bsf	3968,3,c	;volatile
   286                           
   287                           ;SGprojADCIntro2.c: 181: PORTBbits.RB1 = 0;
   288  001FDE  9281               	bcf	3969,1,c	;volatile
   289  001FE0                     l48:
   290                           
   291                           ;SGprojADCIntro2.c: 182: }
   292                           ;SGprojADCIntro2.c: 183: if (result >= 0x55)
   293  001FE0  0E54               	movlw	84
   294  001FE2  6403               	cpfsgt	_result,c
   295  001FE4  D002               	goto	l49
   296                           
   297                           ;SGprojADCIntro2.c: 184: {
   298                           ;SGprojADCIntro2.c: 186: PORTAbits.RA3 = 0;
   299  001FE6  9680               	bcf	3968,3,c	;volatile
   300                           
   301                           ;SGprojADCIntro2.c: 187: PORTBbits.RB1 = 1;
   302  001FE8  8281               	bsf	3969,1,c	;volatile
   303  001FEA                     l49:
   304                           
   305                           ;SGprojADCIntro2.c: 190: }
   306                           ;SGprojADCIntro2.c: 193: if (PORTBbits.RB5 ==1)
   307  001FEA  AA81               	btfss	3969,5,c	;volatile
   308  001FEC  EF00  F000         	goto	start
   309                           
   310                           ;SGprojADCIntro2.c: 194: {
   311                           ;SGprojADCIntro2.c: 195: TMR0L=0;
   312  001FF0  0E00               	movlw	0
   313  001FF2  6ED6               	movwf	4054,c	;volatile
   314                           
   315                           ;SGprojADCIntro2.c: 196: result=0;
   316  001FF4  0E00               	movlw	0
   317  001FF6  6E03               	movwf	_result,c
   318                           
   319                           ;SGprojADCIntro2.c: 197: PORTAbits.RA3 =0;
   320  001FF8  9680               	bcf	3968,3,c	;volatile
   321                           
   322                           ;SGprojADCIntro2.c: 198: PORTBbits.RB1 = 0;
   323  001FFA  9281               	bcf	3969,1,c	;volatile
   324  001FFC  EF00  F000         	goto	start
   325  002000                     __end_of_main:
   326                           	opt stack 0
   327  0000                     intcon	equ	0xFF2
   328                           intcon2	equ	0xFF1
   329                           status	equ	0xFD8
   330                           intcon	equ	0xFF2
   331                           intcon2	equ	0xFF1
   332                           status	equ	0xFD8
   333                           
   334                           	psect	rparam
   335  0000                     intcon	equ	0xFF2
   336                           intcon2	equ	0xFF1
   337                           status	equ	0xFD8


Data Sizes:
    Strings     0
    Constant    0
    Data        0
    BSS         2
    Persistent  1
    Stack       0

Auto Spaces:
    Space          Size  Autos    Used
    COMRAM          127      0       3
    BANK0           128      0       0

Pointer List with Targets:

    None.

Critical Paths under _main in COMRAM

    None.

Critical Paths under _main in BANK0

    None.

Call Graph Tables:

 ---------------------------------------------------------------------------------
 (Depth) Function   	        Calls       Base Space   Used Autos Params    Refs
 ---------------------------------------------------------------------------------
 (0) _main                                                 0     0      0       0
 ---------------------------------------------------------------------------------
 Estimated maximum stack depth 0
 ---------------------------------------------------------------------------------

 Call Graph Graphs:

 _main (ROOT)

 Address spaces:
Name               Size   Autos  Total    Cost      Usage
BIGRAM              FF      0       0       6        0.0%
EEDATA              80      0       0       0        0.0%
BITBANK0            80      0       0       3        0.0%
BANK0               80      0       0       4        0.0%
BITCOMRAM           7F      0       0       0        0.0%
COMRAM              7F      0       3       1        2.4%
BITSFR               0      0       0     200        0.0%
SFR                  0      0       0     200        0.0%
STACK                0      0       0       2        0.0%
NULL                 0      0       0       0        0.0%
ABS                  0      0       3       5        0.0%
DATA                 0      0       3       7        0.0%
CODE                 0      0       0       0        0.0%


Microchip Technology PIC18 Macro Assembler V1.45 build -152302408 
Symbol Table                                                                                   Thu Mar 08 15:03:34 2018

                     l43 1FBC                       l44 1FBA                       l46 1FC8  
                     l47 1FD0                       l48 1FE0                       l49 1FEA  
            __CFG_BORV$3 000000             __CFG_CP0$OFF 000000             __CFG_CP1$OFF 000000  
           __CFG_CPB$OFF 000000             __CFG_CPD$OFF 000000             __CFG_WDT$OFF 000000  
          __CFG_BOR$BOHW 000000                     _main 1F66                     start 0000  
          __CFG_IESO$OFF 000000            __CFG_MCLRE$ON 000000             ___param_bank 000000  
                  ?_main 0000                    _TMR0H 000FD7                    _TMR0L 000FD6  
          __CFG_PWRT$OFF 000000            __CFG_WRT0$OFF 000000            __CFG_WRT1$OFF 000000  
         __CFG_EBTR0$OFF 000000           __CFG_FCMEN$OFF 000000           __CFG_EBTR1$OFF 000000  
          __CFG_WRTB$OFF 000000            __CFG_WRTC$OFF 000000            __CFG_WRTD$OFF 000000  
         __CFG_EBTRB$OFF 000000                    _sgvar 0001                    status 000FD8  
        __initialization 1F5C           __CFG_HPOL$HIGH 000000             __end_of_main 2000  
         __CFG_LPOL$HIGH 000000                   ??_main 0000            __activetblptr 000000  
                 _ADRESH 000FC4                   _OSCCON 000FD3           __CFG_XINST$OFF 000000  
         __CFG_STVREN$ON 000000                   _result 0003               __accesstop 0080  
__end_of__initialization 1F60          __CFG_FLTAMX$RA5 000000            ___rparam_used 000001  
         __pcstackCOMRAM 0000          __CFG_OSC$INTIO1 000000               __pnvCOMRAM 0003  
       __CFG_BBSIZ$BB256 000000          __CFG_PWMPIN$OFF 000000                  __Hparam 0000  
                __Lparam 0000                  __pcinit 1F5C                  __ramtop 0100  
                __ptext0 1F66                _T0CONbits 000FD5     end_of_initialization 1F60  
              _PORTAbits 000F80                _PORTBbits 000F81                _TRISAbits 000F92  
              _TRISBbits 000F93         __CFG_T1OSCMX$LOW 000000      start_initialization 1F5C  
            __pbssCOMRAM 0001         __CFG_WDTPS$32768 000000               _ADCON0bits 000FC2  
             _ADCON1bits 000FC1               _ADCON2bits 000FC0              _INTCON2bits 000FF1  
               __Hrparam 0000                 __Lrparam 0000            __size_of_main 009A  
             _INTCONbits 000FF2  
