Warning[203] ..\..\18F1330TMPO.ASM 138 : Found opcode in column 1. (MOVLW)
Warning[203] ..\..\18F1330TMPO.ASM 139 : Found opcode in column 1. (MOVWF)
Warning[203] ..\..\18F1330TMPO.ASM 140 : Found opcode in column 1. (BCF)
Warning[203] ..\..\18F1330TMPO.ASM 141 : Found opcode in column 1. (BSF)
Warning[203] ..\..\18F1330TMPO.ASM 142 : Found opcode in column 1. (BSF)
Warning[203] ..\..\18F1330TMPO.ASM 143 : Found opcode in column 1. (BSF)
Warning[203] ..\..\18F1330TMPO.ASM 144 : Found opcode in column 1. (BSF)
Warning[203] ..\..\18F1330TMPO.ASM 145 : Found opcode in column 1. (BSF)
Warning[203] ..\..\18F1330TMPO.ASM 146 : Found opcode in column 1. (BSF)
Warning[203] ..\..\18F1330TMPO.ASM 147 : Found opcode in column 1. (MOVLW)
Warning[203] ..\..\18F1330TMPO.ASM 148 : Found opcode in column 1. (MOVWF)
Warning[203] ..\..\18F1330TMPO.ASM 149 : Found opcode in column 1. (BSF)
Warning[203] ..\..\18F1330TMPO.ASM 151 : Found opcode in column 1. (BRA)
Warning[203] ..\..\18F1330TMPO.ASM 152 : Found opcode in column 1. (BCF)
Warning[203] ..\..\18F1330TMPO.ASM 154 : Found opcode in column 1. (CALL)
Warning[203] ..\..\18F1330TMPO.ASM 155 : Found opcode in column 1. (CALL)
Warning[203] ..\..\18F1330TMPO.ASM 156 : Found opcode in column 1. (GOTO)
Warning[203] ..\..\18F1330TMPO.ASM 159 : Found opcode in column 1. (MOVLW)
Warning[203] ..\..\18F1330TMPO.ASM 160 : Found opcode in column 1. (MOVWF)
Warning[203] ..\..\18F1330TMPO.ASM 171 : Found opcode in column 1. (Return)
