

Microchip Technology PIC18 LITE Macro Assembler V1.41 build -162212810 
                                                                                               Mon Apr 24 14:01:02 2017

Microchip Technology Omniscient Code Generator v1.41 (Free mode) build 201701250102
     1                           	processor	18F1330
     2                           	fnconf	rparam,??,?,0
     3                           	opt	pw 120
     4                           	opt	lm
     5                           	psect	cinit,global,reloc=2,class=CODE,delta=1
     6                           	psect	bssCOMRAM,global,class=COMRAM,space=1,delta=1,noexec
     7                           	psect	cstackCOMRAM,global,class=COMRAM,space=1,delta=1,noexec
     8                           	psect	text0,global,reloc=2,class=CODE,delta=1
     9                           	psect	intsave_regs,global,class=BIGRAM,space=1,delta=1,noexec
    10                           	psect	rparam,global,class=COMRAM,space=1,delta=1,noexec
    11  0000                     
    12                           ; Version 1.41
    13                           ; Generated 25/01/2017 GMT
    14                           ; 
    15                           ; Copyright © 2017, Microchip Technology Inc. and its subsidiaries ("Microchip")
    16                           ; All rights reserved.
    17                           ; 
    18                           ; This software is developed by Microchip Technology Inc. and its subsidiaries ("Microch
      +                          ip").
    19                           ; 
    20                           ; Redistribution and use in source and binary forms, with or without modification, are
    21                           ; permitted provided that the following conditions are met:
    22                           ; 
    23                           ;     1. Redistributions of source code must retain the above copyright notice, this lis
      +                          t of
    24                           ;        conditions and the following disclaimer.
    25                           ; 
    26                           ;     2. Redistributions in binary form must reproduce the above copyright notice, this 
      +                          list
    27                           ;        of conditions and the following disclaimer in the documentation and/or other
    28                           ;        materials provided with the distribution.
    29                           ; 
    30                           ;     3. Microchip's name may not be used to endorse or promote products derived from th
      +                          is
    31                           ;        software without specific prior written permission.
    32                           ; 
    33                           ; THIS SOFTWARE IS PROVIDED BY MICROCHIP "AS IS" AND ANY EXPRESS OR IMPLIED WARRANTIES,
    34                           ; INCLUDING, BUT NOT LIMITED TO, THE IMPLIED WARRANTIES OF MERCHANTABILITY AND FITNESS F
      +                          OR
    35                           ; PURPOSE ARE DISCLAIMED.  IN NO EVENT SHALL MICROCHIP BE LIABLE FOR ANY DIRECT, INDIREC
      +                          T,
    36                           ; INCIDENTAL, SPECIAL, EXEMPLARY, OR CONSEQUENTIAL DAMAGES (INCLUDING BUT NOT LIMITED TO
    37                           ; PROCUREMENT OF SUBSTITUTE GOODS OR SERVICES; LOSS OF USE, DATA OR PROFITS; OR BUSINESS
    38                           ; INTERRUPTION) HOWSOEVER CAUSED AND ON ANY THEORY OF LIABILITY, WHETHER IN CONTRACT, ST
      +                          RICT
    39                           ; LIABILITY, OR TORT (INCLUDING NEGLIGENCE OR OTHERWISE) ARISING IN ANY WAY OUT OF THE U
      +                          SE OF
    40                           ; THIS SOFTWARE, EVEN IF ADVISED OF THE POSSIBILITY OF SUCH DAMAGE.
    41                           ; 
    42                           ; 
    43                           ; Code-generator required, PIC18F1330 Definitions
    44                           ; 
    45                           ; SFR Addresses
    46  0000                     _TRISAbits	set	3986
    47  0000                     _TRISBbits	set	3987
    48  0000                     _PORTBbits	set	3969
    49  0000                     _PIR1bits	set	3998
    50  0000                     _PIE1bits	set	3997
    51  0000                     _RCSTAbits	set	4011
    52  0000                     _TXSTAbits	set	4012
    53  0000                     _BAUDCONbits	set	4024
    54  0000                     _SPBRG	set	4015
    55  0000                     _OSCCON	set	4051
    56  0000                     _T0CONbits	set	4053
    57  0000                     _TMR0L	set	4054
    58  0000                     _TMR0H	set	4055
    59  0000                     _INTCONbits	set	4082
    60  0000                     _TMR0IF	set	32658
    61                           
    62                           ; #config settings
    63  0000                     
    64                           	psect	cinit
    65  001DFA                     __pcinit:
    66                           	opt stack 0
    67  001DFA                     start_initialization:
    68                           	opt stack 0
    69  001DFA                     __initialization:
    70                           	opt stack 0
    71                           
    72                           ; Clear objects allocated to COMRAM (1 bytes)
    73  001DFA  6A01               	clrf	__pbssCOMRAM& (0+255),c
    74  001DFC                     end_of_initialization:
    75                           	opt stack 0
    76  001DFC                     __end_of__initialization:
    77                           	opt stack 0
    78  001DFC  0100               	movlb	0
    79  001DFE  EF01  F00F         	goto	_main	;jump to C main() function
    80                           
    81                           	psect	bssCOMRAM
    82  000001                     __pbssCOMRAM:
    83                           	opt stack 0
    84  000001                     _Data_Received:
    85                           	opt stack 0
    86  000001                     	ds	1
    87                           
    88                           	psect	cstackCOMRAM
    89  000000                     __pcstackCOMRAM:
    90                           	opt stack 0
    91  000000                     
    92                           ; 2 bytes @ 0x0
    93 ;;
    94 ;;Main: autosize = 0, tempsize = 0, incstack = 0, save=0
    95 ;;
    96 ;; *************** function _main *****************
    97 ;; Defined at:
    98 ;;		line 123 in file "StartSerialReview.c"
    99 ;; Parameters:    Size  Location     Type
   100 ;;		None
   101 ;; Auto vars:     Size  Location     Type
   102 ;;		None
   103 ;; Return value:  Size  Location     Type
   104 ;;                  2   48[None  ] int 
   105 ;; Registers used:
   106 ;;		wreg, status,2
   107 ;; Tracked objects:
   108 ;;		On entry : 0/0
   109 ;;		On exit  : 0/0
   110 ;;		Unchanged: 0/0
   111 ;; Data sizes:     COMRAM   BANK0
   112 ;;      Params:         0       0
   113 ;;      Locals:         0       0
   114 ;;      Temps:          0       0
   115 ;;      Totals:         0       0
   116 ;;Total ram usage:        0 bytes
   117 ;; This function calls:
   118 ;;		Nothing
   119 ;; This function is called by:
   120 ;;		Startup code after reset
   121 ;; This function uses a non-reentrant model
   122 ;;
   123                           
   124                           	psect	text0
   125  001E02                     __ptext0:
   126                           	opt stack 0
   127  001E02                     _main:
   128                           	opt stack 31
   129                           
   130                           ;StartSerialReview.c: 128: OSCCON = 0x6C;
   131                           
   132                           ;incstack = 0
   133  001E02  0E6C               	movlw	108
   134  001E04  6ED3               	movwf	4051,c	;volatile
   135                           
   136                           ;StartSerialReview.c: 133: TRISBbits.RB4 = 0;
   137  001E06  9893               	bcf	3987,4,c	;volatile
   138                           
   139                           ;StartSerialReview.c: 135: PORTBbits.RB4 = 0;
   140  001E08  9881               	bcf	3969,4,c	;volatile
   141                           
   142                           ;StartSerialReview.c: 142: SPBRG = 499;
   143  001E0A  0EF3               	movlw	243
   144  001E0C  6EAF               	movwf	4015,c	;volatile
   145                           
   146                           ;StartSerialReview.c: 143: BAUDCONbits.BRG16 = 0;
   147  001E0E  96B8               	bcf	4024,3,c	;volatile
   148                           
   149                           ;StartSerialReview.c: 144: TXSTAbits.BRGH = 1;
   150  001E10  84AC               	bsf	4012,2,c	;volatile
   151                           
   152                           ;StartSerialReview.c: 148: TXSTAbits.SYNC = 0;
   153  001E12  98AC               	bcf	4012,4,c	;volatile
   154                           
   155                           ;StartSerialReview.c: 149: TXSTAbits.TX9 = 0;
   156  001E14  9CAC               	bcf	4012,6,c	;volatile
   157                           
   158                           ;StartSerialReview.c: 150: BAUDCONbits.TXCKP = 0;
   159  001E16  98B8               	bcf	4024,4,c	;volatile
   160                           
   161                           ;StartSerialReview.c: 153: TRISAbits.RA3 = 1;
   162  001E18  8692               	bsf	3986,3,c	;volatile
   163                           
   164                           ;StartSerialReview.c: 154: TRISAbits.RA2 = 0;
   165  001E1A  9492               	bcf	3986,2,c	;volatile
   166                           
   167                           ;StartSerialReview.c: 158: TXSTAbits.TXEN = 1;
   168  001E1C  8AAC               	bsf	4012,5,c	;volatile
   169                           
   170                           ;StartSerialReview.c: 159: RCSTAbits.SPEN = 1;
   171  001E1E  8EAB               	bsf	4011,7,c	;volatile
   172                           
   173                           ;StartSerialReview.c: 160: RCSTAbits.CREN = 1;
   174  001E20  88AB               	bsf	4011,4,c	;volatile
   175                           
   176                           ;StartSerialReview.c: 161: PIE1bits.RCIE=1;
   177  001E22  8A9D               	bsf	3997,5,c	;volatile
   178                           
   179                           ;StartSerialReview.c: 162: PIR1bits.RCIF = 1;
   180  001E24  8A9E               	bsf	3998,5,c	;volatile
   181                           
   182                           ;StartSerialReview.c: 164: INTCONbits.GIE = 1;
   183  001E26  8EF2               	bsf	intcon,7,c	;volatile
   184                           
   185                           ;StartSerialReview.c: 165: INTCONbits.PEIE = 1;
   186  001E28  8CF2               	bsf	intcon,6,c	;volatile
   187                           
   188                           ;StartSerialReview.c: 167: TXSTAbits.BRGH = 1;
   189  001E2A  84AC               	bsf	4012,2,c	;volatile
   190                           
   191                           ;StartSerialReview.c: 168: PIE1bits.TXIE = 0;
   192  001E2C  989D               	bcf	3997,4,c	;volatile
   193                           
   194                           ;StartSerialReview.c: 172: T0CONbits.T08BIT = 0;
   195  001E2E  9CD5               	bcf	4053,6,c	;volatile
   196                           
   197                           ;StartSerialReview.c: 177: T0CONbits.T0CS = 0;
   198  001E30  9AD5               	bcf	4053,5,c	;volatile
   199                           
   200                           ;StartSerialReview.c: 181: T0CONbits.PSA = 0;
   201  001E32  96D5               	bcf	4053,3,c	;volatile
   202                           
   203                           ;StartSerialReview.c: 186: T0CONbits.T0PS2 = 0;
   204  001E34  94D5               	bcf	4053,2,c	;volatile
   205                           
   206                           ;StartSerialReview.c: 187: T0CONbits.T0PS1 = 1;
   207  001E36  82D5               	bsf	4053,1,c	;volatile
   208                           
   209                           ;StartSerialReview.c: 188: T0CONbits.T0PS0 = 0;
   210  001E38  90D5               	bcf	4053,0,c	;volatile
   211                           
   212                           ;StartSerialReview.c: 189: RCSTAbits.CREN=1;
   213  001E3A  88AB               	bsf	4011,4,c	;volatile
   214  001E3C  EF01  F000         	goto	start
   215  001E40                     __end_of_main:
   216                           	opt stack 0
   217  0000                     intcon	equ	0xFF2
   218                           intcon	equ	0xFF2
   219                           
   220                           	psect	rparam
   221  0000                     intcon	equ	0xFF2


Data Sizes:
    Strings     0
    Constant    0
    Data        0
    BSS         1
    Persistent  0
    Stack       0

Auto Spaces:
    Space          Size  Autos    Used
    COMRAM          127      0       1
    BANK0           116      0       0

Pointer List with Targets:

    None.

Critical Paths under _main in COMRAM

    None.

Critical Paths under _main in BANK0

    None.

Call Graph Tables:

 ---------------------------------------------------------------------------------
 (Depth) Function   	        Calls       Base Space   Used Autos Params    Refs
 ---------------------------------------------------------------------------------
 (0) _main                                                 0     0      0       0
 ---------------------------------------------------------------------------------
 Estimated maximum stack depth 0
 ---------------------------------------------------------------------------------

 Call Graph Graphs:

 _main (ROOT)

 Address spaces:
Name               Size   Autos  Total    Cost      Usage
BIGRAM              F3      0       0       6        0.0%
EEDATA              80      0       0       0        0.0%
BITCOMRAM           7F      0       0       0        0.0%
COMRAM              7F      0       1       1        0.8%
BITBANK0            74      0       0       3        0.0%
BANK0               74      0       0       4        0.0%
BITSFR_5             0      0       0     200        0.0%
SFR_5                0      0       0     200        0.0%
BITSFR_4             0      0       0     200        0.0%
SFR_4                0      0       0     200        0.0%
BITSFR_3             0      0       0     200        0.0%
SFR_3                0      0       0     200        0.0%
BITSFR_2             0      0       0     200        0.0%
SFR_2                0      0       0     200        0.0%
BITSFR_1             0      0       0     200        0.0%
SFR_1                0      0       0     200        0.0%
BITSFR               0      0       0     200        0.0%
SFR                  0      0       0     200        0.0%
STACK                0      0       0       2        0.0%
NULL                 0      0       0       0        0.0%
ABS                  0      0       1       5        0.0%
DATA                 0      0       1       7        0.0%
CODE                 0      0       0       0        0.0%


Microchip Technology PIC18 Macro Assembler V1.41 build -162212810 
Symbol Table                                                                                   Mon Apr 24 14:01:02 2017

            __CFG_BORV$3 000000             __CFG_CP0$OFF 000000             __CFG_CP1$OFF 000000  
           __CFG_CPB$OFF 000000             __CFG_CPD$OFF 000000             __CFG_WDT$OFF 000000  
          __CFG_BOR$BOHW 000000                     _main 1E02                     start 0002  
          __CFG_IESO$OFF 000000            __CFG_MCLRE$ON 000000             ___param_bank 000000  
                  ?_main 0000                    _TMR0H 000FD7                    _TMR0L 000FD6  
                  _SPBRG 000FAF            __CFG_PWRT$OFF 000000            __CFG_WRT0$OFF 000000  
          __CFG_WRT1$OFF 000000           __CFG_EBTR0$OFF 000000           __CFG_FCMEN$OFF 000000  
         __CFG_EBTR1$OFF 000000            __CFG_WRTB$OFF 000000            __CFG_WRTC$OFF 000000  
          __CFG_WRTD$OFF 000000           __CFG_EBTRB$OFF 000000          __initialization 1DFA  
         __CFG_HPOL$HIGH 000000             __end_of_main 1E40           __CFG_LPOL$HIGH 000000  
                 ??_main 0000            __activetblptr 000000                   _OSCCON 000FD3  
                 _TMR0IF 007F92           __CFG_XINST$OFF 000000           __CFG_STVREN$ON 000000  
             __accesstop 0080  __end_of__initialization 1DFC          __CFG_FLTAMX$RA5 000000  
          ___rparam_used 000001           __pcstackCOMRAM 0000          __CFG_OSC$INTIO1 000000  
          _Data_Received 0001         __CFG_BBSIZ$BB256 000000          __CFG_PWMPIN$OFF 000000  
                __Hparam 0000                  __Lparam 0000                  __pcinit 1DFA  
                __ramtop 0100                  __ptext0 1E02                _T0CONbits 000FD5  
   end_of_initialization 1DFC                _RCSTAbits 000FAB                _PORTBbits 000F81  
              _TRISAbits 000F92                _TRISBbits 000F93                _TXSTAbits 000FAC  
       __CFG_T1OSCMX$LOW 000000              _BAUDCONbits 000FB8      start_initialization 1DFA  
            __pbssCOMRAM 0001                 _PIE1bits 000F9D                 _PIR1bits 000F9E  
       __CFG_WDTPS$32768 000000                 __Hrparam 0000                 __Lrparam 0000  
          __size_of_main 003E               _INTCONbits 000FF2  
