

Microchip Technology PIC18 LITE Macro Assembler V1.41 build -162212810 
                                                                                               Mon Apr 24 13:45:13 2017

Microchip Technology Omniscient Code Generator v1.41 (Free mode) build 201701250102
     1                           	processor	18F1330
     2                           	fnconf	rparam,??,?,0
     3                           	opt	pw 120
     4                           	opt	lm
     5                           	psect	cinit,global,reloc=2,class=CODE,delta=1
     6                           	psect	bssCOMRAM,global,class=COMRAM,space=1,delta=1,noexec
     7                           	psect	cstackCOMRAM,global,class=COMRAM,space=1,delta=1,noexec
     8                           	psect	text0,global,reloc=2,class=CODE,delta=1
     9                           	psect	intsave_regs,global,class=BIGRAM,space=1,delta=1,noexec
    10                           	psect	rparam,global,class=COMRAM,space=1,delta=1,noexec
    11  0000                     
    12                           ; Version 1.41
    13                           ; Generated 25/01/2017 GMT
    14                           ; 
    15                           ; Copyright © 2017, Microchip Technology Inc. and its subsidiaries ("Microchip")
    16                           ; All rights reserved.
    17                           ; 
    18                           ; This software is developed by Microchip Technology Inc. and its subsidiaries ("Microch
      +                          ip").
    19                           ; 
    20                           ; Redistribution and use in source and binary forms, with or without modification, are
    21                           ; permitted provided that the following conditions are met:
    22                           ; 
    23                           ;     1. Redistributions of source code must retain the above copyright notice, this lis
      +                          t of
    24                           ;        conditions and the following disclaimer.
    25                           ; 
    26                           ;     2. Redistributions in binary form must reproduce the above copyright notice, this 
      +                          list
    27                           ;        of conditions and the following disclaimer in the documentation and/or other
    28                           ;        materials provided with the distribution.
    29                           ; 
    30                           ;     3. Microchip's name may not be used to endorse or promote products derived from th
      +                          is
    31                           ;        software without specific prior written permission.
    32                           ; 
    33                           ; THIS SOFTWARE IS PROVIDED BY MICROCHIP "AS IS" AND ANY EXPRESS OR IMPLIED WARRANTIES,
    34                           ; INCLUDING, BUT NOT LIMITED TO, THE IMPLIED WARRANTIES OF MERCHANTABILITY AND FITNESS F
      +                          OR
    35                           ; PURPOSE ARE DISCLAIMED.  IN NO EVENT SHALL MICROCHIP BE LIABLE FOR ANY DIRECT, INDIREC
      +                          T,
    36                           ; INCIDENTAL, SPECIAL, EXEMPLARY, OR CONSEQUENTIAL DAMAGES (INCLUDING BUT NOT LIMITED TO
    37                           ; PROCUREMENT OF SUBSTITUTE GOODS OR SERVICES; LOSS OF USE, DATA OR PROFITS; OR BUSINESS
    38                           ; INTERRUPTION) HOWSOEVER CAUSED AND ON ANY THEORY OF LIABILITY, WHETHER IN CONTRACT, ST
      +                          RICT
    39                           ; LIABILITY, OR TORT (INCLUDING NEGLIGENCE OR OTHERWISE) ARISING IN ANY WAY OUT OF THE U
      +                          SE OF
    40                           ; THIS SOFTWARE, EVEN IF ADVISED OF THE POSSIBILITY OF SUCH DAMAGE.
    41                           ; 
    42                           ; 
    43                           ; Code-generator required, PIC18F1330 Definitions
    44                           ; 
    45                           ; SFR Addresses
    46  0000                     _PORTAbits	set	3968
    47  0000                     _ADRESH	set	4036
    48  0000                     _ADCON0bits	set	4034
    49  0000                     _ADCON2bits	set	4032
    50  0000                     _ADCON1bits	set	4033
    51  0000                     _TRISAbits	set	3986
    52  0000                     _PORTBbits	set	3969
    53  0000                     _TRISBbits	set	3987
    54  0000                     _OSCCON	set	4051
    55  0000                     _T0CONbits	set	4053
    56  0000                     _TMR0L	set	4054
    57  0000                     _TMR0H	set	4055
    58  0000                     _INTCONbits	set	4082
    59                           
    60                           ; #config settings
    61  0000                     
    62                           	psect	cinit
    63  001F9E                     __pcinit:
    64                           	opt stack 0
    65  001F9E                     start_initialization:
    66                           	opt stack 0
    67  001F9E                     __initialization:
    68                           	opt stack 0
    69                           
    70                           ; Clear objects allocated to COMRAM (4 bytes)
    71  001F9E  6A04               	clrf	(__pbssCOMRAM+3)& (0+255),c
    72  001FA0  6A03               	clrf	(__pbssCOMRAM+2)& (0+255),c
    73  001FA2  6A02               	clrf	(__pbssCOMRAM+1)& (0+255),c
    74  001FA4  6A01               	clrf	__pbssCOMRAM& (0+255),c
    75  001FA6                     end_of_initialization:
    76                           	opt stack 0
    77  001FA6                     __end_of__initialization:
    78                           	opt stack 0
    79  001FA6  0100               	movlb	0
    80  001FA8  EFD6  F00F         	goto	_main	;jump to C main() function
    81                           
    82                           	psect	bssCOMRAM
    83  000001                     __pbssCOMRAM:
    84                           	opt stack 0
    85  000001                     _sgvar:
    86                           	opt stack 0
    87  000001                     	ds	2
    88  000003                     _result:
    89                           	opt stack 0
    90  000003                     	ds	2
    91                           
    92                           	psect	cstackCOMRAM
    93  000000                     __pcstackCOMRAM:
    94                           	opt stack 0
    95  000000                     
    96                           ; 2 bytes @ 0x0
    97 ;;
    98 ;;Main: autosize = 0, tempsize = 0, incstack = 0, save=0
    99 ;;
   100 ;; *************** function _main *****************
   101 ;; Defined at:
   102 ;;		line 94 in file "../SGprojADCIntro2.c"
   103 ;; Parameters:    Size  Location     Type
   104 ;;		None
   105 ;; Auto vars:     Size  Location     Type
   106 ;;		None
   107 ;; Return value:  Size  Location     Type
   108 ;;                  2   38[None  ] int 
   109 ;; Registers used:
   110 ;;		wreg, status,2, status,0
   111 ;; Tracked objects:
   112 ;;		On entry : 0/0
   113 ;;		On exit  : 0/0
   114 ;;		Unchanged: 0/0
   115 ;; Data sizes:     COMRAM   BANK0
   116 ;;      Params:         0       0
   117 ;;      Locals:         0       0
   118 ;;      Temps:          0       0
   119 ;;      Totals:         0       0
   120 ;;Total ram usage:        0 bytes
   121 ;; This function calls:
   122 ;;		Nothing
   123 ;; This function is called by:
   124 ;;		Startup code after reset
   125 ;; This function uses a non-reentrant model
   126 ;;
   127                           
   128                           	psect	text0
   129  001FAC                     __ptext0:
   130                           	opt stack 0
   131  001FAC                     _main:
   132                           	opt stack 31
   133                           
   134                           ;SGprojADCIntro2.c: 99: OSCCON = 0x6C;
   135                           
   136                           ;incstack = 0
   137  001FAC  0E6C               	movlw	108
   138  001FAE  6ED3               	movwf	4051,c	;volatile
   139                           
   140                           ;SGprojADCIntro2.c: 105: TRISBbits.TRISB1 = 0;
   141  001FB0  9293               	bcf	3987,1,c	;volatile
   142                           
   143                           ;SGprojADCIntro2.c: 106: PORTBbits.RB1 = 0;
   144  001FB2  9281               	bcf	3969,1,c	;volatile
   145                           
   146                           ;SGprojADCIntro2.c: 108: TRISAbits.RA2 = 0;
   147  001FB4  9492               	bcf	3986,2,c	;volatile
   148                           
   149                           ;SGprojADCIntro2.c: 109: TRISBbits.RB0 = 0;
   150  001FB6  9093               	bcf	3987,0,c	;volatile
   151                           
   152                           ;SGprojADCIntro2.c: 112: ADCON1bits.PCFG1 = 0;
   153  001FB8  92C1               	bcf	4033,1,c	;volatile
   154                           
   155                           ;SGprojADCIntro2.c: 113: TRISAbits.RA1 = 1;
   156  001FBA  8292               	bsf	3986,1,c	;volatile
   157                           
   158                           ;SGprojADCIntro2.c: 117: ADCON2bits.ADFM = 0;
   159  001FBC  9EC0               	bcf	4032,7,c	;volatile
   160                           
   161                           ;SGprojADCIntro2.c: 118: ADCON1bits.VCFG0 = 0;
   162  001FBE  98C1               	bcf	4033,4,c	;volatile
   163                           
   164                           ;SGprojADCIntro2.c: 120: ADCON0bits.CHS1 = 0;
   165  001FC0  96C2               	bcf	4034,3,c	;volatile
   166                           
   167                           ;SGprojADCIntro2.c: 121: ADCON0bits.CHS0 = 1;
   168  001FC2  84C2               	bsf	4034,2,c	;volatile
   169                           
   170                           ;SGprojADCIntro2.c: 123: ADCON2bits.ACQT2 = 0;
   171  001FC4  9AC0               	bcf	4032,5,c	;volatile
   172                           
   173                           ;SGprojADCIntro2.c: 124: ADCON2bits.ACQT1 = 0;
   174  001FC6  98C0               	bcf	4032,4,c	;volatile
   175                           
   176                           ;SGprojADCIntro2.c: 125: ADCON2bits.ACQT0 = 0;
   177  001FC8  96C0               	bcf	4032,3,c	;volatile
   178                           
   179                           ;SGprojADCIntro2.c: 127: ADCON2bits.ADCS2 = 1;
   180  001FCA  84C0               	bsf	4032,2,c	;volatile
   181                           
   182                           ;SGprojADCIntro2.c: 128: ADCON2bits.ADCS1 = 0;
   183  001FCC  92C0               	bcf	4032,1,c	;volatile
   184                           
   185                           ;SGprojADCIntro2.c: 129: ADCON2bits.ADCS0 = 0;
   186  001FCE  90C0               	bcf	4032,0,c	;volatile
   187                           
   188                           ;SGprojADCIntro2.c: 131: ADCON0bits.ADON = 1;
   189  001FD0  80C2               	bsf	4034,0,c	;volatile
   190                           
   191                           ;SGprojADCIntro2.c: 136: T0CONbits.T0CS = 0;
   192  001FD2  9AD5               	bcf	4053,5,c	;volatile
   193                           
   194                           ;SGprojADCIntro2.c: 138: T0CONbits.PSA = 1;
   195  001FD4  86D5               	bsf	4053,3,c	;volatile
   196                           
   197                           ;SGprojADCIntro2.c: 142: T0CONbits.T0PS2 = 0;
   198  001FD6  94D5               	bcf	4053,2,c	;volatile
   199                           
   200                           ;SGprojADCIntro2.c: 143: T0CONbits.T0PS1 = 1;
   201  001FD8  82D5               	bsf	4053,1,c	;volatile
   202                           
   203                           ;SGprojADCIntro2.c: 144: T0CONbits.T0PS0 = 0;
   204  001FDA  90D5               	bcf	4053,0,c	;volatile
   205                           
   206                           ;SGprojADCIntro2.c: 149: sgvar = 0;
   207  001FDC  0E00               	movlw	0
   208  001FDE  6E02               	movwf	_sgvar+1,c
   209  001FE0  0E00               	movlw	0
   210  001FE2  6E01               	movwf	_sgvar,c
   211  001FE4                     l705:
   212                           
   213                           ;SGprojADCIntro2.c: 154: {
   214                           ;SGprojADCIntro2.c: 156: ADCON0bits.GO = 1;
   215  001FE4  82C2               	bsf	4034,1,c	;volatile
   216                           
   217                           ;SGprojADCIntro2.c: 157: while (ADCON0bits.GODONE == 1)
   218  001FE6  D001               	goto	l40
   219  001FE8                     l41:
   220                           
   221                           ;SGprojADCIntro2.c: 159: T0CONbits.TMR0ON = 0;
   222  001FE8  9ED5               	bcf	4053,7,c	;volatile
   223  001FEA                     l40:
   224  001FEA  B2C2               	btfsc	4034,1,c	;volatile
   225  001FEC  D7FD               	goto	l41
   226                           
   227                           ;SGprojADCIntro2.c: 160: if(ADRESH >= 0x19 )
   228  001FEE  0E18               	movlw	24
   229  001FF0  64C4               	cpfsgt	4036,c	;volatile
   230  001FF2  D001               	goto	l711
   231                           
   232                           ;SGprojADCIntro2.c: 161: T0CONbits.TMR0ON = 1;
   233  001FF4  8ED5               	bsf	4053,7,c	;volatile
   234  001FF6                     l711:
   235                           
   236                           ;SGprojADCIntro2.c: 162: if(ADRESH >= 0xE6 )
   237  001FF6  0EE5               	movlw	229
   238  001FF8  64C4               	cpfsgt	4036,c	;volatile
   239  001FFA  D7F4               	goto	l705
   240                           
   241                           ;SGprojADCIntro2.c: 163: T0CONbits.TMR0ON = 0;
   242  001FFC  9ED5               	bcf	4053,7,c	;volatile
   243  001FFE  D7F2               	goto	l705
   244  002000                     __end_of_main:
   245                           	opt stack 0
   246  0000                     
   247                           	psect	rparam


Data Sizes:
    Strings     0
    Constant    0
    Data        0
    BSS         4
    Persistent  0
    Stack       0

Auto Spaces:
    Space          Size  Autos    Used
    COMRAM          127      0       4
    BANK0           128      0       0

Pointer List with Targets:

    None.

Critical Paths under _main in COMRAM

    None.

Critical Paths under _main in BANK0

    None.

Call Graph Tables:

 ---------------------------------------------------------------------------------
 (Depth) Function   	        Calls       Base Space   Used Autos Params    Refs
 ---------------------------------------------------------------------------------
 (0) _main                                                 0     0      0       0
 ---------------------------------------------------------------------------------
 Estimated maximum stack depth 0
 ---------------------------------------------------------------------------------

 Call Graph Graphs:

 _main (ROOT)

 Address spaces:
Name               Size   Autos  Total    Cost      Usage
BIGRAM              FF      0       0       6        0.0%
EEDATA              80      0       0       0        0.0%
BITBANK0            80      0       0       3        0.0%
BANK0               80      0       0       4        0.0%
BITCOMRAM           7F      0       0       0        0.0%
COMRAM              7F      0       4       1        3.1%
BITSFR               0      0       0     200        0.0%
SFR                  0      0       0     200        0.0%
STACK                0      0       0       2        0.0%
NULL                 0      0       0       0        0.0%
ABS                  0      0       4       5        0.0%
DATA                 0      0       4       7        0.0%
CODE                 0      0       0       0        0.0%


Microchip Technology PIC18 Macro Assembler V1.41 build -162212810 
Symbol Table                                                                                   Mon Apr 24 13:45:13 2017

                     l40 1FEA                       l41 1FE8              __CFG_BORV$3 000000  
           __CFG_CP0$OFF 000000             __CFG_CP1$OFF 000000                      l711 1FF6  
                    l705 1FE4             __CFG_CPB$OFF 000000             __CFG_CPD$OFF 000000  
           __CFG_WDT$OFF 000000            __CFG_BOR$BOHW 000000                     _main 1FAC  
                   start 0000            __CFG_IESO$OFF 000000            __CFG_MCLRE$ON 000000  
           ___param_bank 000000                    ?_main 0000                    _TMR0H 000FD7  
                  _TMR0L 000FD6            __CFG_PWRT$OFF 000000            __CFG_WRT0$OFF 000000  
          __CFG_WRT1$OFF 000000           __CFG_EBTR0$OFF 000000           __CFG_FCMEN$OFF 000000  
         __CFG_EBTR1$OFF 000000            __CFG_WRTB$OFF 000000            __CFG_WRTC$OFF 000000  
          __CFG_WRTD$OFF 000000           __CFG_EBTRB$OFF 000000                    _sgvar 0001  
                  status 000FD8          __initialization 1F9E           __CFG_HPOL$HIGH 000000  
           __end_of_main 2000           __CFG_LPOL$HIGH 000000                   ??_main 0000  
          __activetblptr 000000                   _ADRESH 000FC4                   _OSCCON 000FD3  
         __CFG_XINST$OFF 000000           __CFG_STVREN$ON 000000                   _result 0003  
             __accesstop 0080  __end_of__initialization 1FA6          __CFG_FLTAMX$RA5 000000  
          ___rparam_used 000001           __pcstackCOMRAM 0000          __CFG_OSC$INTIO1 000000  
       __CFG_BBSIZ$BB256 000000          __CFG_PWMPIN$OFF 000000                  __Hparam 0000  
                __Lparam 0000                  __pcinit 1F9E                  __ramtop 0100  
                __ptext0 1FAC                _T0CONbits 000FD5     end_of_initialization 1FA6  
              _PORTAbits 000F80                _PORTBbits 000F81                _TRISAbits 000F92  
              _TRISBbits 000F93         __CFG_T1OSCMX$LOW 000000      start_initialization 1F9E  
            __pbssCOMRAM 0001         __CFG_WDTPS$32768 000000               _ADCON0bits 000FC2  
             _ADCON1bits 000FC1               _ADCON2bits 000FC0                 __Hrparam 0000  
               __Lrparam 0000            __size_of_main 0054               _INTCONbits 000FF2  
